$GPGSV,1,1,00*79
$GPGLL,5708.76408,N,06531.33732,E,080613.00,A,A*65
$GPZDA,080613.00,02,06,2023,00,00*6D
$GPRMC,080614.00,A,5708.76408,N,06531.33731,E,0.004,,020623,,,A*79
$GPVTG,,T,,M,0.004,N,0.008,K,A*2F
$GPGGA,080614.00,5708.76408,N,06531.33731,E,1,00,1.04,102.6,M,-17.2,M,,*7D
$GPGSA,A,3,,,,,,,,,,,,,1.86,1.04,1.54*08
$GPGSV,1,1,00*79
$GPGLL,5708.76408,N,06531.33731,E,080614.00,A,A*61
$GPZDA,080614.00,02,06,2023,00,00*6A
$GPRMC,080615.00,A,5708.76409,N,06531.33732,E,0.004,,020623,,,A*7A
$GPVTG,,T,,M,0.004,N,0.007,K,A*20
$GPGGA,080615.00,5708.76409,N,06531.33732,E,1,00,1.04,102.7,M,-17.2,M,,*7F
$GPGSA,A,3,,,,,,,,,,,,,1.86,1.04,1.54*08
$GPGSV,1,1,00*79
$GPGLL,5708.76409,N,06531.33732,E,080615.00,A,A*62
$GPZDA,080615.00,02,06,2023,00,00*6B
$GPRMC,080616.00,A,5708.76409,N,06531.33732,E,0.004,,020623,,,A*79
$GPVTG,,T,,M,0.004,N,0.007,K,A*20
$GPGGA,080616.00,5708.76409,N,06531.33732,E,1,00,1.04,102.7,M,-17.2,M,,*7C
$GPGSA,A,3,,,,,,,,,,,,,1.86,1.04,1.54*08
$GPGSV,1,1,00*79
$GPGLL,5708.76409,N,06531.33732,E,080616.00,A,A*61
$GPZDA,080616.00,02,06,2023,00,00*68
$GPRMC,080617.00,A,5708.76409,N,06531.33735,E,0.004,,020623,,,A*7F
$GPVTG,,T,,M,0.004,N,0.007,K,A*20
$GPGGA,080617.00,5708.76409,N,06531.33735,E,1,00,1.07,102.7,M,-17.2,M,,*79
$GPGSA,A,3,,,,,,,,,,,,,1.97,1.07,1.65*09
$GPGSV,1,1,00*79
$GPGLL,5708.76409,N,06531.33735,E,080617.00,A,A*67
$GPZDA,080617.00,02,06,2023,00,00*69
$GPRMC,080618.00,A,5708.76409,N,06531.33738,E,0.004,,020623,,,A*7D
$GPVTG,,T,,M,0.004,N,0.007,K,A*20
$GPGGA,080618.00,5708.76409,N,06531.33738,E,1,00,1.07,102.7,M,-17.2,M,,*7B
$GPGSA,A,3,,,,,,,,,,,,,1.97,1.07,1.65*09
$GPGSV,1,1,00*79
$GPGLL,5708.76409,N,06531.33738,E,080618.00,A,A*65
$GPZDA,080618.00,02,06,2023,00,00*66
$GPRMC,080619.00,A,5708.76408,N,06531.33740,E,0.004,,020623,,,A*72
$GPVTG,,T,,M,0.004,N,0.008,K,A*2F
$GPGGA,080619.00,5708.76408,N,06531.33740,E,1,00,1.07,102.7,M,-17.2,M,,*74
$GPGSA,A,3,,,,,,,,,,,,,1.97,1.07,1.65*09
$GPGSV,1,1,00*79
$GPGLL,5708.76408,N,06531.33740,E,080619.00,A,A*6A
$GPZDA,080619.00,02,06,2023,00,00*67
$GPRMC,080620.00,A,5708.76408,N,06531.33744,E,0.004,,020623,,,A*7C
$GPVTG,,T,,M,0.004,N,0.008,K,A*2F
$GPGGA,080620.00,5708.76408,N,06531.33744,E,1,00,1.25,102.7,M,-17.2,M,,*7A
$GPGSA,A,3,,,,,,,,,,,,,2.62,1.25,2.31*02
$GPGSV,1,1,00*79
$GPGLL,5708.76408,N,06531.33744,E,080620.00,A,A*64
$GPZDA,080620.00,02,06,2023,00,00*6D
$GPRMC,080621.00,A,5708.76409,N,06531.33745,E,0.004,,020623,,,A*7D
$GPVTG,,T,,M,0.004,N,0.008,K,A*2F
$GPGGA,080621.00,5708.76409,N,06531.33745,E,1,00,1.25,102.7,M,-17.2,M,,*7B
$GPGSA,A,3,,,,,,,,,,,,,2.62,1.25,2.31*02